1726948046.110070 client started (3371206): version 3.4, socket /run/user/1000/tmux-1000/default, protocol 8
1726948046.110095 on Linux 6.1.96 #1-NixOS SMP PREEMPT_DYNAMIC Thu Jun 27 11:46:24 UTC 2024
1726948046.110098 using libevent 2.1.12-stable poll
1726948046.111600 using utf8proc 2.9.0
1726948046.111607 using ncurses 6.4 20221231
1726948046.111617 flags are 0x10010000
1726948046.111628 socket is /run/user/1000/tmux-1000/default
1726948046.111639 trying connect
1726948046.111684 add peer 0x2197110: 6 ((nil))
1726948046.111868 sending message 100 to peer 0x2197110 (4 bytes)
1726948046.111872 sending message 111 to peer 0x2197110 (8 bytes)
1726948046.111875 sending message 101 to peer 0x2197110 (16 bytes)
1726948046.111877 sending message 109 to peer 0x2197110 (4 bytes)
1726948046.111879 sending message 102 to peer 0x2197110 (12 bytes)
1726948046.111881 sending message 108 to peer 0x2197110 (24 bytes)
1726948046.111883 sending message 112 to peer 0x2197110 (70 bytes)
1726948046.111885 sending message 112 to peer 0x2197110 (5 bytes)
1726948046.111887 sending message 112 to peer 0x2197110 (5 bytes)
1726948046.111889 sending message 112 to peer 0x2197110 (6 bytes)
1726948046.111891 sending message 112 to peer 0x2197110 (6 bytes)
1726948046.111893 sending message 112 to peer 0x2197110 (11 bytes)
1726948046.111896 sending message 112 to peer 0x2197110 (10 bytes)
1726948046.111898 sending message 112 to peer 0x2197110 (13 bytes)
1726948046.111900 sending message 112 to peer 0x2197110 (13 bytes)
1726948046.111902 sending message 112 to peer 0x2197110 (18 bytes)
1726948046.111904 sending message 112 to peer 0x2197110 (11 bytes)
1726948046.111906 sending message 112 to peer 0x2197110 (21 bytes)
1726948046.111908 sending message 112 to peer 0x2197110 (13 bytes)
1726948046.111910 sending message 112 to peer 0x2197110 (7 bytes)
1726948046.111912 sending message 112 to peer 0x2197110 (13 bytes)
1726948046.111914 sending message 112 to peer 0x2197110 (7 bytes)
1726948046.111916 sending message 112 to peer 0x2197110 (13 bytes)
1726948046.111918 sending message 112 to peer 0x2197110 (9 bytes)
1726948046.111920 sending message 112 to peer 0x2197110 (21 bytes)
1726948046.111922 sending message 112 to peer 0x2197110 (13 bytes)
1726948046.111924 sending message 112 to peer 0x2197110 (8 bytes)
1726948046.111926 sending message 112 to peer 0x2197110 (12 bytes)
1726948046.111928 sending message 112 to peer 0x2197110 (13 bytes)
1726948046.111930 sending message 112 to peer 0x2197110 (9 bytes)
1726948046.111932 sending message 112 to peer 0x2197110 (9 bytes)
1726948046.111934 sending message 112 to peer 0x2197110 (12 bytes)
1726948046.111936 sending message 112 to peer 0x2197110 (8 bytes)
1726948046.111938 sending message 112 to peer 0x2197110 (7 bytes)
1726948046.111940 sending message 112 to peer 0x2197110 (7 bytes)
1726948046.111942 sending message 112 to peer 0x2197110 (9 bytes)
1726948046.111944 sending message 112 to peer 0x2197110 (13 bytes)
1726948046.111946 sending message 112 to peer 0x2197110 (9 bytes)
1726948046.111948 sending message 112 to peer 0x2197110 (15 bytes)
1726948046.111951 sending message 112 to peer 0x2197110 (13 bytes)
1726948046.111953 sending message 112 to peer 0x2197110 (12 bytes)
1726948046.111955 sending message 112 to peer 0x2197110 (8 bytes)
1726948046.111957 sending message 112 to peer 0x2197110 (14 bytes)
1726948046.111959 sending message 112 to peer 0x2197110 (9 bytes)
1726948046.111961 sending message 112 to peer 0x2197110 (10 bytes)
1726948046.111963 sending message 112 to peer 0x2197110 (10 bytes)
1726948046.111965 sending message 112 to peer 0x2197110 (10 bytes)
1726948046.111967 sending message 112 to peer 0x2197110 (10 bytes)
1726948046.111969 sending message 112 to peer 0x2197110 (11 bytes)
1726948046.111971 sending message 112 to peer 0x2197110 (10 bytes)
1726948046.111973 sending message 112 to peer 0x2197110 (8 bytes)
1726948046.111975 sending message 112 to peer 0x2197110 (11 bytes)
1726948046.111977 sending message 112 to peer 0x2197110 (11 bytes)
1726948046.111979 sending message 112 to peer 0x2197110 (11 bytes)
1726948046.111993 sending message 112 to peer 0x2197110 (8 bytes)
1726948046.111995 sending message 112 to peer 0x2197110 (8 bytes)
1726948046.111997 sending message 112 to peer 0x2197110 (8 bytes)
1726948046.112000 sending message 112 to peer 0x2197110 (10 bytes)
1726948046.112002 sending message 112 to peer 0x2197110 (10 bytes)
1726948046.112004 sending message 112 to peer 0x2197110 (10 bytes)
1726948046.112006 sending message 112 to peer 0x2197110 (10 bytes)
1726948046.112008 sending message 112 to peer 0x2197110 (10 bytes)
1726948046.112010 sending message 112 to peer 0x2197110 (11 bytes)
1726948046.112012 sending message 112 to peer 0x2197110 (11 bytes)
1726948046.112014 sending message 112 to peer 0x2197110 (10 bytes)
1726948046.112016 sending message 112 to peer 0x2197110 (9 bytes)
1726948046.112018 sending message 112 to peer 0x2197110 (9 bytes)
1726948046.112020 sending message 112 to peer 0x2197110 (12 bytes)
1726948046.112022 sending message 112 to peer 0x2197110 (9 bytes)
1726948046.112024 sending message 112 to peer 0x2197110 (6 bytes)
1726948046.112026 sending message 112 to peer 0x2197110 (13 bytes)
1726948046.112028 sending message 112 to peer 0x2197110 (8 bytes)
1726948046.112030 sending message 112 to peer 0x2197110 (15 bytes)
1726948046.112032 sending message 112 to peer 0x2197110 (13 bytes)
1726948046.112034 sending message 112 to peer 0x2197110 (70 bytes)
1726948046.112036 sending message 112 to peer 0x2197110 (69 bytes)
1726948046.112039 sending message 112 to peer 0x2197110 (10 bytes)
1726948046.112041 sending message 112 to peer 0x2197110 (8 bytes)
1726948046.112043 sending message 112 to peer 0x2197110 (15 bytes)
1726948046.112045 sending message 112 to peer 0x2197110 (13 bytes)
1726948046.112047 sending message 112 to peer 0x2197110 (10 bytes)
1726948046.112049 sending message 112 to peer 0x2197110 (10 bytes)
1726948046.112051 sending message 112 to peer 0x2197110 (5 bytes)
1726948046.112053 sending message 112 to peer 0x2197110 (15 bytes)
1726948046.112055 sending message 104 to peer 0x2197110 (0 bytes)
1726948046.112058 sending message 110 to peer 0x2197110 (0 bytes)
1726948046.112060 sending message 107 to peer 0x2197110 (4 bytes)
1726948046.112062 sending message 105 to peer 0x2197110 (23 bytes)
1726948046.112064 sending message 105 to peer 0x2197110 (60 bytes)
1726948046.112066 sending message 105 to peer 0x2197110 (51 bytes)
1726948046.112068 sending message 105 to peer 0x2197110 (14 bytes)
1726948046.112071 sending message 105 to peer 0x2197110 (79 bytes)
1726948046.112073 sending message 105 to peer 0x2197110 (20 bytes)
1726948046.112075 sending message 105 to peer 0x2197110 (54 bytes)
1726948046.112077 sending message 105 to peer 0x2197110 (55 bytes)
1726948046.112079 sending message 105 to peer 0x2197110 (12 bytes)
1726948046.112081 sending message 105 to peer 0x2197110 (41 bytes)
1726948046.112083 sending message 105 to peer 0x2197110 (23 bytes)
1726948046.112085 sending message 105 to peer 0x2197110 (16 bytes)
1726948046.112087 sending message 105 to peer 0x2197110 (8 bytes)
1726948046.112089 sending message 105 to peer 0x2197110 (714 bytes)
1726948046.112091 sending message 105 to peer 0x2197110 (17 bytes)
1726948046.112094 sending message 105 to peer 0x2197110 (17 bytes)
1726948046.112096 sending message 105 to peer 0x2197110 (30 bytes)
1726948046.112098 sending message 105 to peer 0x2197110 (27 bytes)
1726948046.112100 sending message 105 to peer 0x2197110 (24 bytes)
1726948046.112102 sending message 105 to peer 0x2197110 (20 bytes)
1726948046.112104 sending message 105 to peer 0x2197110 (23 bytes)
1726948046.112106 sending message 105 to peer 0x2197110 (21 bytes)
1726948046.112108 sending message 105 to peer 0x2197110 (25 bytes)
1726948046.112110 sending message 105 to peer 0x2197110 (20 bytes)
1726948046.112112 sending message 105 to peer 0x2197110 (87 bytes)
1726948046.112114 sending message 105 to peer 0x2197110 (15 bytes)
1726948046.112116 sending message 105 to peer 0x2197110 (18 bytes)
1726948046.112118 sending message 105 to peer 0x2197110 (248 bytes)
1726948046.112121 sending message 105 to peer 0x2197110 (112 bytes)
1726948046.112125 sending message 105 to peer 0x2197110 (16 bytes)
1726948046.112133 sending message 105 to peer 0x2197110 (49 bytes)
1726948046.112135 sending message 105 to peer 0x2197110 (20 bytes)
1726948046.112137 sending message 105 to peer 0x2197110 (72 bytes)
1726948046.112139 sending message 105 to peer 0x2197110 (272 bytes)
1726948046.112141 sending message 105 to peer 0x2197110 (20 bytes)
1726948046.112143 sending message 105 to peer 0x2197110 (19 bytes)
1726948046.112146 sending message 105 to peer 0x2197110 (26 bytes)
1726948046.112148 sending message 105 to peer 0x2197110 (64 bytes)
1726948046.112150 sending message 105 to peer 0x2197110 (15 bytes)
1726948046.112152 sending message 105 to peer 0x2197110 (12 bytes)
1726948046.112154 sending message 105 to peer 0x2197110 (176 bytes)
1726948046.112156 sending message 105 to peer 0x2197110 (46 bytes)
1726948046.112158 sending message 105 to peer 0x2197110 (35 bytes)
1726948046.112160 sending message 105 to peer 0x2197110 (27 bytes)
1726948046.112162 sending message 105 to peer 0x2197110 (38 bytes)
1726948046.112164 sending message 105 to peer 0x2197110 (431 bytes)
1726948046.112166 sending message 105 to peer 0x2197110 (20 bytes)
1726948046.112168 sending message 105 to peer 0x2197110 (26 bytes)
1726948046.112171 sending message 105 to peer 0x2197110 (31 bytes)
1726948046.112173 sending message 105 to peer 0x2197110 (18 bytes)
1726948046.112175 sending message 105 to peer 0x2197110 (29 bytes)
1726948046.112177 sending message 105 to peer 0x2197110 (104 bytes)
1726948046.112179 sending message 105 to peer 0x2197110 (47 bytes)
1726948046.112181 sending message 105 to peer 0x2197110 (26 bytes)
1726948046.112183 sending message 105 to peer 0x2197110 (85 bytes)
1726948046.112185 sending message 105 to peer 0x2197110 (20 bytes)
1726948046.112187 sending message 105 to peer 0x2197110 (23 bytes)
1726948046.112189 sending message 105 to peer 0x2197110 (50 bytes)
1726948046.112191 sending message 105 to peer 0x2197110 (22 bytes)
1726948046.112193 sending message 105 to peer 0x2197110 (58 bytes)
1726948046.112195 sending message 105 to peer 0x2197110 (18 bytes)
1726948046.112197 sending message 105 to peer 0x2197110 (37 bytes)
1726948046.112199 sending message 105 to peer 0x2197110 (41 bytes)
1726948046.112201 sending message 105 to peer 0x2197110 (11 bytes)
1726948046.112203 sending message 105 to peer 0x2197110 (13 bytes)
1726948046.112206 sending message 105 to peer 0x2197110 (310 bytes)
1726948046.112208 sending message 105 to peer 0x2197110 (526 bytes)
1726948046.112210 sending message 105 to peer 0x2197110 (21 bytes)
1726948046.112212 sending message 105 to peer 0x2197110 (8 bytes)
1726948046.112214 sending message 105 to peer 0x2197110 (60 bytes)
1726948046.112216 sending message 105 to peer 0x2197110 (15 bytes)
1726948046.112218 sending message 105 to peer 0x2197110 (191 bytes)
1726948046.112220 sending message 105 to peer 0x2197110 (14 bytes)
1726948046.112222 sending message 105 to peer 0x2197110 (18 bytes)
1726948046.112224 sending message 105 to peer 0x2197110 (17 bytes)
1726948046.112226 sending message 105 to peer 0x2197110 (15 bytes)
1726948046.112229 sending message 105 to peer 0x2197110 (28 bytes)
1726948046.112231 sending message 105 to peer 0x2197110 (15 bytes)
1726948046.112233 sending message 105 to peer 0x2197110 (31 bytes)
1726948046.112235 sending message 105 to peer 0x2197110 (21 bytes)
1726948046.112237 sending message 105 to peer 0x2197110 (38 bytes)
1726948046.112239 sending message 105 to peer 0x2197110 (36 bytes)
1726948046.112241 sending message 105 to peer 0x2197110 (11 bytes)
1726948046.112243 sending message 105 to peer 0x2197110 (90 bytes)
1726948046.112245 sending message 105 to peer 0x2197110 (267 bytes)
1726948046.112247 sending message 105 to peer 0x2197110 (30 bytes)
1726948046.112249 sending message 105 to peer 0x2197110 (236 bytes)
1726948046.112251 sending message 105 to peer 0x2197110 (22 bytes)
1726948046.112253 sending message 105 to peer 0x2197110 (53 bytes)
1726948046.112256 sending message 105 to peer 0x2197110 (21 bytes)
1726948046.112260 sending message 105 to peer 0x2197110 (549 bytes)
1726948046.112262 sending message 105 to peer 0x2197110 (15 bytes)
1726948046.112264 sending message 105 to peer 0x2197110 (38 bytes)
1726948046.112266 sending message 105 to peer 0x2197110 (28 bytes)
1726948046.112269 sending message 105 to peer 0x2197110 (23 bytes)
1726948046.112271 sending message 105 to peer 0x2197110 (28 bytes)
1726948046.112273 sending message 105 to peer 0x2197110 (38 bytes)
1726948046.112275 sending message 105 to peer 0x2197110 (106 bytes)
1726948046.112277 sending message 105 to peer 0x2197110 (52 bytes)
1726948046.112279 sending message 105 to peer 0x2197110 (41 bytes)
1726948046.112281 sending message 105 to peer 0x2197110 (21 bytes)
1726948046.112283 sending message 105 to peer 0x2197110 (24 bytes)
1726948046.112285 sending message 105 to peer 0x2197110 (10 bytes)
1726948046.112287 sending message 105 to peer 0x2197110 (16 bytes)
1726948046.112289 sending message 105 to peer 0x2197110 (25 bytes)
1726948046.112291 sending message 105 to peer 0x2197110 (43 bytes)
1726948046.112293 sending message 105 to peer 0x2197110 (70 bytes)
1726948046.112296 sending message 106 to peer 0x2197110 (0 bytes)
1726948046.112320 sending message 200 to peer 0x2197110 (4 bytes)
1726948046.112322 client loop enter
1726948046.113577 peer 0x2197110 message 303
1726948046.113583 open write file 2 -
1726948046.113589 sending message 305 to peer 0x2197110 (8 bytes)
1726948046.113594 write check file 2
1726948046.113761 peer 0x2197110 message 304
1726948046.113766 write 58 to file 2
1726948046.113770 peer 0x2197110 message 203
1726948046.113773 file 2 58 bytes left
1726948046.113783 write check file 2
1726948046.113785 client loop exit
